Traceback (most recent call last):
  File "<frozen runpy>", line 189, in _run_module_as_main
  File "<frozen runpy>", line 112, in _get_module_details
  File "C:\Users\debryu\anaconda3\envs\vlg-cbm\Lib\site-packages\submitit\__init__.py", line 9, in <module>
    from . import helpers as helpers
  File "C:\Users\debryu\anaconda3\envs\vlg-cbm\Lib\site-packages\submitit\helpers.py", line 22, in <module>
    from .core import core
  File "C:\Users\debryu\anaconda3\envs\vlg-cbm\Lib\site-packages\submitit\core\core.py", line 8, in <module>
    import asyncio
  File "C:\Users\debryu\anaconda3\envs\vlg-cbm\Lib\asyncio\__init__.py", line 8, in <module>
    from .base_events import *
  File "C:\Users\debryu\anaconda3\envs\vlg-cbm\Lib\asyncio\base_events.py", line 41, in <module>
    from . import events
  File "C:\Users\debryu\anaconda3\envs\vlg-cbm\Lib\asyncio\events.py", line 848, in <module>
    from _asyncio import (_get_running_loop, _set_running_loop,
  File "<frozen importlib._bootstrap>", line 1360, in _find_and_load
  File "<frozen importlib._bootstrap>", line 1331, in _find_and_load_unlocked
  File "<frozen importlib._bootstrap>", line 935, in _load_unlocked
  File "<frozen importlib._bootstrap_external>", line 991, in exec_module
  File "<frozen importlib._bootstrap_external>", line 1081, in get_code
  File "<frozen importlib._bootstrap_external>", line 1204, in path_stats
  File "<frozen importlib._bootstrap_external>", line 147, in _path_stat
KeyboardInterrupt
