Traceback (most recent call last):
  File "<frozen runpy>", line 198, in _run_module_as_main
  File "<frozen runpy>", line 88, in _run_code
  File "C:\Users\debryu\anaconda3\envs\vlg-cbm\Lib\site-packages\submitit\core\_submit.py", line 7, in <module>
    from submitit.core.submission import submitit_main
  File "C:\Users\debryu\anaconda3\envs\vlg-cbm\Lib\site-packages\submitit\core\submission.py", line 16, in <module>
    import numpy  # type: ignore  # noqa
    ^^^^^^^^^^^^
  File "C:\Users\debryu\anaconda3\envs\vlg-cbm\Lib\site-packages\numpy\__init__.py", line 127, in <module>
    from numpy.__config__ import show as show_config
  File "C:\Users\debryu\anaconda3\envs\vlg-cbm\Lib\site-packages\numpy\__config__.py", line 4, in <module>
    from numpy._core._multiarray_umath import (
  File "C:\Users\debryu\anaconda3\envs\vlg-cbm\Lib\site-packages\numpy\_core\__init__.py", line 74, in <module>
    from . import numeric
  File "C:\Users\debryu\anaconda3\envs\vlg-cbm\Lib\site-packages\numpy\_core\numeric.py", line 2718, in <module>
    from . import arrayprint
  File "<frozen importlib._bootstrap>", line 1360, in _find_and_load
  File "<frozen importlib._bootstrap>", line 1322, in _find_and_load_unlocked
  File "<frozen importlib._bootstrap>", line 1262, in _find_spec
  File "<frozen importlib._bootstrap_external>", line 1528, in find_spec
  File "<frozen importlib._bootstrap_external>", line 1502, in _get_spec
  File "<frozen importlib._bootstrap_external>", line 1601, in find_spec
  File "<frozen importlib._bootstrap_external>", line 147, in _path_stat
KeyboardInterrupt
