Traceback (most recent call last):
  File "<frozen runpy>", line 198, in _run_module_as_main
  File "<frozen runpy>", line 88, in _run_code
  File "C:\Users\debryu\anaconda3\envs\vlg-cbm\Lib\site-packages\submitit\core\_submit.py", line 11, in <module>
    submitit_main()
  File "C:\Users\debryu\anaconda3\envs\vlg-cbm\Lib\site-packages\submitit\core\submission.py", line 76, in submitit_main
    process_job(args.folder)
  File "C:\Users\debryu\anaconda3\envs\vlg-cbm\Lib\site-packages\submitit\core\submission.py", line 52, in process_job
    delayed = utils.DelayedSubmission.load(paths.submitted_pickle)
              ^^^^^^^^^^^^^^^^^^^^^^^^^^^^^^^^^^^^^^^^^^^^^^^^^^^^
  File "C:\Users\debryu\anaconda3\envs\vlg-cbm\Lib\site-packages\submitit\core\utils.py", line 153, in load
    obj = pickle_load(filepath)
          ^^^^^^^^^^^^^^^^^^^^^
  File "C:\Users\debryu\anaconda3\envs\vlg-cbm\Lib\site-packages\submitit\core\utils.py", line 232, in pickle_load
    return pickle.load(ifile)
           ^^^^^^^^^^^^^^^^^^
  File "C:\Users\debryu\Desktop\VS_CODE\HOME\ML\work\VLG-CBM\train_cbm.py", line 9, in <module>
    import torch
  File "C:\Users\debryu\anaconda3\envs\vlg-cbm\Lib\site-packages\torch\__init__.py", line 370, in <module>
    class SymInt:
  File "C:\Users\debryu\anaconda3\envs\vlg-cbm\Lib\site-packages\torch\__init__.py", line 537, in SymInt
    def as_integer_ratio(self) -> _Tuple["SymInt", builtins.int]:
                                  ~~~~~~^^^^^^^^^^^^^^^^^^^^^^^^
  File "C:\Users\debryu\anaconda3\envs\vlg-cbm\Lib\typing.py", line 395, in inner
    return _caches[func](*args, **kwds)
           ^^^^^^^^^^^^^^^^^^^^^^^^^^^^
  File "C:\Users\debryu\anaconda3\envs\vlg-cbm\Lib\typing.py", line 1585, in __getitem__
    return self.copy_with(params)
           ^^^^^^^^^^^^^^^^^^^^^^
  File "C:\Users\debryu\anaconda3\envs\vlg-cbm\Lib\typing.py", line 1486, in copy_with
    return _GenericAlias(self.__origin__, params,
           ^^^^^^^^^^^^^^^^^^^^^^^^^^^^^^^^^^^^^^
  File "C:\Users\debryu\anaconda3\envs\vlg-cbm\Lib\typing.py", line 1275, in __init__
    self.__parameters__ = _collect_parameters(args)
                          ^^^^^^^^^^^^^^^^^^^^^^^^^
  File "C:\Users\debryu\anaconda3\envs\vlg-cbm\Lib\site-packages\typing_extensions.py", line 3029, in _collect_parameters
    def _collect_parameters(args):

KeyboardInterrupt
