Traceback (most recent call last):
  File "<frozen runpy>", line 198, in _run_module_as_main
  File "<frozen runpy>", line 88, in _run_code
  File "C:\Users\debryu\anaconda3\envs\vlg-cbm\Lib\site-packages\submitit\core\_submit.py", line 11, in <module>
    submitit_main()
  File "C:\Users\debryu\anaconda3\envs\vlg-cbm\Lib\site-packages\submitit\core\submission.py", line 76, in submitit_main
    process_job(args.folder)
  File "C:\Users\debryu\anaconda3\envs\vlg-cbm\Lib\site-packages\submitit\core\submission.py", line 52, in process_job
    delayed = utils.DelayedSubmission.load(paths.submitted_pickle)
              ^^^^^^^^^^^^^^^^^^^^^^^^^^^^^^^^^^^^^^^^^^^^^^^^^^^^
  File "C:\Users\debryu\anaconda3\envs\vlg-cbm\Lib\site-packages\submitit\core\utils.py", line 153, in load
    obj = pickle_load(filepath)
          ^^^^^^^^^^^^^^^^^^^^^
  File "C:\Users\debryu\anaconda3\envs\vlg-cbm\Lib\site-packages\submitit\core\utils.py", line 232, in pickle_load
    return pickle.load(ifile)
           ^^^^^^^^^^^^^^^^^^
  File "C:\Users\debryu\Desktop\VS_CODE\HOME\ML\work\VLG-CBM\train_cbm.py", line 9, in <module>
    import torch
  File "C:\Users\debryu\anaconda3\envs\vlg-cbm\Lib\site-packages\torch\__init__.py", line 2129, in <module>
    from torch import quantization as quantization  # usort: skip
    ^^^^^^^^^^^^^^^^^^^^^^^^^^^^^^^^^^^^^^^^^^^^^^
  File "C:\Users\debryu\anaconda3\envs\vlg-cbm\Lib\site-packages\torch\quantization\__init__.py", line 2, in <module>
    from .fake_quantize import *  # noqa: F403
    ^^^^^^^^^^^^^^^^^^^^^^^^^^^^
  File "C:\Users\debryu\anaconda3\envs\vlg-cbm\Lib\site-packages\torch\quantization\fake_quantize.py", line 10, in <module>
    from torch.ao.quantization.fake_quantize import (
  File "C:\Users\debryu\anaconda3\envs\vlg-cbm\Lib\site-packages\torch\ao\quantization\__init__.py", line 8, in <module>
    from .fake_quantize import *  # noqa: F403
    ^^^^^^^^^^^^^^^^^^^^^^^^^^^^
  File "C:\Users\debryu\anaconda3\envs\vlg-cbm\Lib\site-packages\torch\ao\quantization\fake_quantize.py", line 10, in <module>
    from torch.ao.quantization.observer import (
  File "C:\Users\debryu\anaconda3\envs\vlg-cbm\Lib\site-packages\torch\ao\quantization\observer.py", line 17, in <module>
    from torch.ao.quantization.utils import (
  File "C:\Users\debryu\anaconda3\envs\vlg-cbm\Lib\site-packages\torch\ao\quantization\utils.py", line 13, in <module>
    from torch.fx import Node
  File "C:\Users\debryu\anaconda3\envs\vlg-cbm\Lib\site-packages\torch\fx\__init__.py", line 83, in <module>
    from .graph_module import GraphModule
  File "C:\Users\debryu\anaconda3\envs\vlg-cbm\Lib\site-packages\torch\fx\graph_module.py", line 20, in <module>
    from .graph import _custom_builtins, _is_from_torch, _PyTreeCodeGen, Graph, PythonCode
  File "C:\Users\debryu\anaconda3\envs\vlg-cbm\Lib\site-packages\torch\fx\graph.py", line 3, in <module>
    from .node import Node, Argument, Target, map_arg, _type_repr, _get_qualified_name
  File "C:\Users\debryu\anaconda3\envs\vlg-cbm\Lib\site-packages\torch\fx\node.py", line 49, in <module>
    _ops.aten._assert_async.msg,
    ^^^^^^^^^^^^^^^^^^^^^^^
  File "C:\Users\debryu\anaconda3\envs\vlg-cbm\Lib\site-packages\torch\_ops.py", line 1223, in __getattr__
    op, overload_names = _get_packet(qualified_op_name, module_name)
                         ^^^^^^^^^^^^^^^^^^^^^^^^^^^^^^^^^^^^^^^^^^^
  File "C:\Users\debryu\anaconda3\envs\vlg-cbm\Lib\site-packages\torch\_ops.py", line 1248, in _get_packet
    op, overload_names = torch._C._jit_get_operation(qualname)
                         ^^^^^^^^^^^^^^^^^^^^^^^^^^^^^^^^^^^^^
KeyboardInterrupt
