Traceback (most recent call last):
  File "<frozen runpy>", line 198, in _run_module_as_main
  File "<frozen runpy>", line 88, in _run_code
  File "C:\Users\debryu\anaconda3\envs\vlg-cbm\Lib\site-packages\submitit\core\_submit.py", line 11, in <module>
    submitit_main()
  File "C:\Users\debryu\anaconda3\envs\vlg-cbm\Lib\site-packages\submitit\core\submission.py", line 76, in submitit_main
    process_job(args.folder)
  File "C:\Users\debryu\anaconda3\envs\vlg-cbm\Lib\site-packages\submitit\core\submission.py", line 52, in process_job
    delayed = utils.DelayedSubmission.load(paths.submitted_pickle)
              ^^^^^^^^^^^^^^^^^^^^^^^^^^^^^^^^^^^^^^^^^^^^^^^^^^^^
  File "C:\Users\debryu\anaconda3\envs\vlg-cbm\Lib\site-packages\submitit\core\utils.py", line 153, in load
    obj = pickle_load(filepath)
          ^^^^^^^^^^^^^^^^^^^^^
  File "C:\Users\debryu\anaconda3\envs\vlg-cbm\Lib\site-packages\submitit\core\utils.py", line 232, in pickle_load
    return pickle.load(ifile)
           ^^^^^^^^^^^^^^^^^^
  File "C:\Users\debryu\Desktop\VS_CODE\HOME\ML\work\VLG-CBM\train_cbm.py", line 9, in <module>
    import torch
  File "C:\Users\debryu\anaconda3\envs\vlg-cbm\Lib\site-packages\torch\__init__.py", line 2475, in <module>
    from torch import (
  File "C:\Users\debryu\anaconda3\envs\vlg-cbm\Lib\site-packages\torch\export\__init__.py", line 28, in <module>
    from torch.fx.passes.infra.pass_base import PassResult
  File "C:\Users\debryu\anaconda3\envs\vlg-cbm\Lib\site-packages\torch\fx\passes\__init__.py", line 1, in <module>
    from . import graph_drawer
  File "C:\Users\debryu\anaconda3\envs\vlg-cbm\Lib\site-packages\torch\fx\passes\graph_drawer.py", line 13, in <module>
    from torch.fx.passes.shape_prop import TensorMetadata
  File "C:\Users\debryu\anaconda3\envs\vlg-cbm\Lib\site-packages\torch\fx\passes\shape_prop.py", line 12, in <module>
  File "C:\Users\debryu\anaconda3\envs\vlg-cbm\Lib\site-packages\torch\_subclasses\__init__.py", line 2, in <module>
    from torch._subclasses.fake_tensor import (
  File "C:\Users\debryu\anaconda3\envs\vlg-cbm\Lib\site-packages\torch\_subclasses\fake_tensor.py", line 1022, in <module>
    @dataclass(frozen=True)
     ^^^^^^^^^^^^^^^^^^^^^^
  File "C:\Users\debryu\anaconda3\envs\vlg-cbm\Lib\dataclasses.py", line 1265, in wrap
    return _process_class(cls, init, repr, eq, order, unsafe_hash,
           ^^^^^^^^^^^^^^^^^^^^^^^^^^^^^^^^^^^^^^^^^^^^^^^^^^^^^^^
  File "C:\Users\debryu\anaconda3\envs\vlg-cbm\Lib\dataclasses.py", line 1127, in _process_class
    cls.__hash__ = hash_action(cls, field_list, globals)
                   ^^^^^^^^^^^^^^^^^^^^^^^^^^^^^^^^^^^^^
  File "C:\Users\debryu\anaconda3\envs\vlg-cbm\Lib\dataclasses.py", line 884, in _hash_add
    return _set_qualname(cls, _hash_fn(flds, globals))
                              ^^^^^^^^^^^^^^^^^^^^^^^
  File "C:\Users\debryu\anaconda3\envs\vlg-cbm\Lib\dataclasses.py", line 677, in _hash_fn
    return _create_fn('__hash__',
           ^^^^^^^^^^^^^^^^^^^^^^
  File "C:\Users\debryu\anaconda3\envs\vlg-cbm\Lib\dataclasses.py", line 473, in _create_fn
    exec(txt, globals, ns)
  File "<string>", line 0, in <module>
KeyboardInterrupt
