Traceback (most recent call last):
  File "<frozen runpy>", line 198, in _run_module_as_main
  File "<frozen runpy>", line 88, in _run_code
  File "C:\Users\debryu\anaconda3\envs\vlg-cbm\Lib\site-packages\submitit\core\_submit.py", line 11, in <module>
    submitit_main()
  File "C:\Users\debryu\anaconda3\envs\vlg-cbm\Lib\site-packages\submitit\core\submission.py", line 76, in submitit_main
    process_job(args.folder)
  File "C:\Users\debryu\anaconda3\envs\vlg-cbm\Lib\site-packages\submitit\core\submission.py", line 52, in process_job
    delayed = utils.DelayedSubmission.load(paths.submitted_pickle)
              ^^^^^^^^^^^^^^^^^^^^^^^^^^^^^^^^^^^^^^^^^^^^^^^^^^^^
  File "C:\Users\debryu\anaconda3\envs\vlg-cbm\Lib\site-packages\submitit\core\utils.py", line 153, in load
    obj = pickle_load(filepath)
          ^^^^^^^^^^^^^^^^^^^^^
  File "C:\Users\debryu\anaconda3\envs\vlg-cbm\Lib\site-packages\submitit\core\utils.py", line 232, in pickle_load
    return pickle.load(ifile)
           ^^^^^^^^^^^^^^^^^^
  File "C:\Users\debryu\Desktop\VS_CODE\HOME\ML\work\VLG-CBM\train_cbm.py", line 9, in <module>
    import torch
  File "C:\Users\debryu\anaconda3\envs\vlg-cbm\Lib\site-packages\torch\__init__.py", line 2486, in <module>
    from torch import _meta_registrations
  File "C:\Users\debryu\anaconda3\envs\vlg-cbm\Lib\site-packages\torch\_meta_registrations.py", line 10, in <module>
    from torch._decomp import (
  File "C:\Users\debryu\anaconda3\envs\vlg-cbm\Lib\site-packages\torch\_decomp\__init__.py", line 250, in <module>
    import torch._refs
  File "C:\Users\debryu\anaconda3\envs\vlg-cbm\Lib\site-packages\torch\_refs\__init__.py", line 6286, in <module>
    lerp_ = _make_inplace(lerp)
            ^^^^^^^^^^^^^^^^^^^
  File "C:\Users\debryu\anaconda3\envs\vlg-cbm\Lib\site-packages\torch\_refs\__init__.py", line 521, in _make_inplace
    _fn = register_decomposition(getattr(aten, inplace_name))(_fn)  # type: ignore[assignment]
          ^^^^^^^^^^^^^^^^^^^^^^^^^^^^^^^^^^^^^^^^^^^^^^^^^^^^^^^^
  File "C:\Users\debryu\anaconda3\envs\vlg-cbm\Lib\site-packages\torch\_decomp\__init__.py", line 191, in decomposition_decorator
    pytree.tree_map_(register, aten_op)
  File "C:\Users\debryu\anaconda3\envs\vlg-cbm\Lib\site-packages\torch\utils\_pytree.py", line 997, in tree_map_
    tuple(map(func, *flat_args))  # consume and exhaust the iterable
    ^^^^^^^^^^^^^^^^^^^^^^^^^^^^
  File "C:\Users\debryu\anaconda3\envs\vlg-cbm\Lib\site-packages\torch\_decomp\__init__.py", line 188, in register
    _add_op_to_registry(registry, op, fn)
  File "C:\Users\debryu\anaconda3\envs\vlg-cbm\Lib\site-packages\torch\_decomp\__init__.py", line 56, in _add_op_to_registry
    overloads.append(getattr(op, ol))
                     ^^^^^^^^^^^^^^^
  File "C:\Users\debryu\anaconda3\envs\vlg-cbm\Lib\site-packages\torch\_ops.py", line 1088, in __getattr__
    if not _has_script_object_arg(schema)
           ^^^^^^^^^^^^^^^^^^^^^^^^^^^^^^
  File "C:\Users\debryu\anaconda3\envs\vlg-cbm\Lib\site-packages\torch\_ops.py", line 1003, in _has_script_object_arg
    return any(isinstance(arg.type, torch.ClassType) for arg in schema.arguments)
           ^^^^^^^^^^^^^^^^^^^^^^^^^^^^^^^^^^^^^^^^^^^^^^^^^^^^^^^^^^^^^^^^^^^^^^
  File "C:\Users\debryu\anaconda3\envs\vlg-cbm\Lib\site-packages\torch\_ops.py", line 1003, in <genexpr>
    return any(isinstance(arg.type, torch.ClassType) for arg in schema.arguments)
               ^^^^^^^^^^^^^^^^^^^^^^^^^^^^^^^^^^^^^
KeyboardInterrupt
