Traceback (most recent call last):
  File "<frozen runpy>", line 198, in _run_module_as_main
  File "<frozen runpy>", line 88, in _run_code
  File "C:\Users\debryu\anaconda3\envs\vlg-cbm\Lib\site-packages\submitit\core\_submit.py", line 11, in <module>
    submitit_main()
  File "C:\Users\debryu\anaconda3\envs\vlg-cbm\Lib\site-packages\submitit\core\submission.py", line 76, in submitit_main
    process_job(args.folder)
  File "C:\Users\debryu\anaconda3\envs\vlg-cbm\Lib\site-packages\submitit\core\submission.py", line 52, in process_job
    delayed = utils.DelayedSubmission.load(paths.submitted_pickle)
              ^^^^^^^^^^^^^^^^^^^^^^^^^^^^^^^^^^^^^^^^^^^^^^^^^^^^
  File "C:\Users\debryu\anaconda3\envs\vlg-cbm\Lib\site-packages\submitit\core\utils.py", line 153, in load
    obj = pickle_load(filepath)
          ^^^^^^^^^^^^^^^^^^^^^
  File "C:\Users\debryu\anaconda3\envs\vlg-cbm\Lib\site-packages\submitit\core\utils.py", line 232, in pickle_load
    return pickle.load(ifile)
           ^^^^^^^^^^^^^^^^^^
  File "C:\Users\debryu\Desktop\VS_CODE\HOME\ML\work\VLG-CBM\train_cbm.py", line 9, in <module>
    import torch
  File "C:\Users\debryu\anaconda3\envs\vlg-cbm\Lib\site-packages\torch\__init__.py", line 2097, in <module>
    import torch.nn.intrinsic
  File "C:\Users\debryu\anaconda3\envs\vlg-cbm\Lib\site-packages\torch\nn\intrinsic\__init__.py", line 19, in <module>
    from torch.nn.intrinsic import modules, qat, quantized  # noqa: F401
    ^^^^^^^^^^^^^^^^^^^^^^^^^^^^^^^^^^^^^^^^^^^^^^^^^^^^^^
  File "C:\Users\debryu\anaconda3\envs\vlg-cbm\Lib\site-packages\torch\nn\intrinsic\qat\__init__.py", line 1, in <module>
    from torch.nn.intrinsic.qat.modules import *  # noqa: F403
    ^^^^^^^^^^^^^^^^^^^^^^^^^^^^^^^^^^^^^^^^^^^^
  File "C:\Users\debryu\anaconda3\envs\vlg-cbm\Lib\site-packages\torch\nn\intrinsic\qat\modules\__init__.py", line 1, in <module>
    from torch.nn.intrinsic.qat.modules.conv_fused import (
  File "C:\Users\debryu\anaconda3\envs\vlg-cbm\Lib\site-packages\torch\nn\intrinsic\qat\modules\conv_fused.py", line 11, in <module>
    from torch.ao.nn.intrinsic.qat import (
  File "C:\Users\debryu\anaconda3\envs\vlg-cbm\Lib\site-packages\torch\ao\nn\intrinsic\qat\__init__.py", line 1, in <module>
    from .modules import *  # noqa: F403
    ^^^^^^^^^^^^^^^^^^^^^^
  File "C:\Users\debryu\anaconda3\envs\vlg-cbm\Lib\site-packages\torch\ao\nn\intrinsic\qat\modules\__init__.py", line 1, in <module>
    from .conv_fused import (
  File "C:\Users\debryu\anaconda3\envs\vlg-cbm\Lib\site-packages\torch\ao\nn\intrinsic\qat\modules\conv_fused.py", line 7, in <module>
    import torch.ao.nn.qat as nnqat
  File "C:\Users\debryu\anaconda3\envs\vlg-cbm\Lib\site-packages\torch\ao\nn\qat\__init__.py", line 1, in <module>
    from .modules import *  # noqa: F403
    ^^^^^^^^^^^^^^^^^^^^^^
  File "C:\Users\debryu\anaconda3\envs\vlg-cbm\Lib\site-packages\torch\ao\nn\qat\modules\__init__.py", line 1, in <module>
    from .conv import Conv1d, Conv2d, Conv3d
  File "<frozen importlib._bootstrap>", line 1360, in _find_and_load
  File "<frozen importlib._bootstrap>", line 1331, in _find_and_load_unlocked
  File "<frozen importlib._bootstrap>", line 935, in _load_unlocked
  File "<frozen importlib._bootstrap_external>", line 991, in exec_module
  File "<frozen importlib._bootstrap_external>", line 1081, in get_code
  File "<frozen importlib._bootstrap_external>", line 1204, in path_stats
  File "<frozen importlib._bootstrap_external>", line 147, in _path_stat
KeyboardInterrupt
