Traceback (most recent call last):
  File "<frozen runpy>", line 198, in _run_module_as_main
  File "<frozen runpy>", line 88, in _run_code
  File "C:\Users\debryu\anaconda3\envs\vlg-cbm\Lib\site-packages\submitit\core\_submit.py", line 11, in <module>
    submitit_main()
  File "C:\Users\debryu\anaconda3\envs\vlg-cbm\Lib\site-packages\submitit\core\submission.py", line 76, in submitit_main
    process_job(args.folder)
  File "C:\Users\debryu\anaconda3\envs\vlg-cbm\Lib\site-packages\submitit\core\submission.py", line 52, in process_job
    delayed = utils.DelayedSubmission.load(paths.submitted_pickle)
              ^^^^^^^^^^^^^^^^^^^^^^^^^^^^^^^^^^^^^^^^^^^^^^^^^^^^
  File "C:\Users\debryu\anaconda3\envs\vlg-cbm\Lib\site-packages\submitit\core\utils.py", line 153, in load
    obj = pickle_load(filepath)
          ^^^^^^^^^^^^^^^^^^^^^
  File "C:\Users\debryu\anaconda3\envs\vlg-cbm\Lib\site-packages\submitit\core\utils.py", line 232, in pickle_load
    return pickle.load(ifile)
           ^^^^^^^^^^^^^^^^^^
  File "C:\Users\debryu\Desktop\VS_CODE\HOME\ML\work\VLG-CBM\train_cbm.py", line 9, in <module>
    import torch
  File "C:\Users\debryu\anaconda3\envs\vlg-cbm\Lib\site-packages\torch\__init__.py", line 2059, in <module>
    from torch import (
  File "C:\Users\debryu\anaconda3\envs\vlg-cbm\Lib\site-packages\torch\distributions\__init__.py", line 116, in <module>
    from .von_mises import VonMises
  File "C:\Users\debryu\anaconda3\envs\vlg-cbm\Lib\site-packages\torch\distributions\von_mises.py", line 5, in <module>
    import torch.jit
  File "C:\Users\debryu\anaconda3\envs\vlg-cbm\Lib\site-packages\torch\jit\__init__.py", line 26, in <module>
    from torch.jit._freeze import freeze, optimize_for_inference, run_frozen_optimizations
  File "C:\Users\debryu\anaconda3\envs\vlg-cbm\Lib\site-packages\torch\jit\_freeze.py", line 11, in <module>
    from torch.jit._script import RecursiveScriptModule, ScriptModule
  File "C:\Users\debryu\anaconda3\envs\vlg-cbm\Lib\site-packages\torch\jit\_script.py", line 24, in <module>
    from torch.jit._fuser import _graph_for, _script_method_graph_for
  File "<frozen importlib._bootstrap>", line 1360, in _find_and_load
  File "<frozen importlib._bootstrap>", line 1322, in _find_and_load_unlocked
  File "<frozen importlib._bootstrap>", line 1262, in _find_spec
  File "<frozen importlib._bootstrap_external>", line 1528, in find_spec
  File "<frozen importlib._bootstrap_external>", line 1502, in _get_spec
  File "<frozen importlib._bootstrap_external>", line 1601, in find_spec
  File "<frozen importlib._bootstrap_external>", line 147, in _path_stat
KeyboardInterrupt
