Traceback (most recent call last):
  File "<frozen runpy>", line 198, in _run_module_as_main
  File "<frozen runpy>", line 88, in _run_code
  File "C:\Users\debryu\anaconda3\envs\vlg-cbm\Lib\site-packages\submitit\core\_submit.py", line 11, in <module>
    submitit_main()
  File "C:\Users\debryu\anaconda3\envs\vlg-cbm\Lib\site-packages\submitit\core\submission.py", line 76, in submitit_main
    process_job(args.folder)
  File "C:\Users\debryu\anaconda3\envs\vlg-cbm\Lib\site-packages\submitit\core\submission.py", line 52, in process_job
    delayed = utils.DelayedSubmission.load(paths.submitted_pickle)
              ^^^^^^^^^^^^^^^^^^^^^^^^^^^^^^^^^^^^^^^^^^^^^^^^^^^^
  File "C:\Users\debryu\anaconda3\envs\vlg-cbm\Lib\site-packages\submitit\core\utils.py", line 153, in load
    obj = pickle_load(filepath)
          ^^^^^^^^^^^^^^^^^^^^^
  File "C:\Users\debryu\anaconda3\envs\vlg-cbm\Lib\site-packages\submitit\core\utils.py", line 232, in pickle_load
    return pickle.load(ifile)
           ^^^^^^^^^^^^^^^^^^
  File "C:\Users\debryu\Desktop\VS_CODE\HOME\ML\work\VLG-CBM\train_cbm.py", line 16, in <module>
    import model.utils as utils
  File "C:\Users\debryu\Desktop\VS_CODE\HOME\ML\work\VLG-CBM\model\utils.py", line 5, in <module>
    import clip
  File "C:\Users\debryu\Desktop\VS_CODE\HOME\ML\work\VLG-CBM\clip\__init__.py", line 1, in <module>
    from .clip import *
  File "C:\Users\debryu\Desktop\VS_CODE\HOME\ML\work\VLG-CBM\clip\clip.py", line 10, in <module>
    from torchvision.transforms import Compose, Resize, CenterCrop, ToTensor, Normalize
  File "C:\Users\debryu\anaconda3\envs\vlg-cbm\Lib\site-packages\torchvision\__init__.py", line 10, in <module>
    from torchvision import _meta_registrations, datasets, io, models, ops, transforms, utils  # usort:skip
    ^^^^^^^^^^^^^^^^^^^^^^^^^^^^^^^^^^^^^^^^^^^^^^^^^^^^^^^^^^^^^^^^^^^^^^^^^^^^^^^^^^^^^^^^^
  File "C:\Users\debryu\anaconda3\envs\vlg-cbm\Lib\site-packages\torchvision\models\__init__.py", line 2, in <module>
    from .convnext import *
  File "C:\Users\debryu\anaconda3\envs\vlg-cbm\Lib\site-packages\torchvision\models\convnext.py", line 8, in <module>
    from ..ops.misc import Conv2dNormActivation, Permute
  File "C:\Users\debryu\anaconda3\envs\vlg-cbm\Lib\site-packages\torchvision\ops\__init__.py", line 23, in <module>
    from .poolers import MultiScaleRoIAlign
  File "C:\Users\debryu\anaconda3\envs\vlg-cbm\Lib\site-packages\torchvision\ops\poolers.py", line 10, in <module>
    from .roi_align import roi_align
  File "C:\Users\debryu\anaconda3\envs\vlg-cbm\Lib\site-packages\torchvision\ops\roi_align.py", line 7, in <module>
    from torch._dynamo.utils import is_compile_supported
  File "C:\Users\debryu\anaconda3\envs\vlg-cbm\Lib\site-packages\torch\_dynamo\__init__.py", line 3, in <module>
    from . import convert_frame, eval_frame, resume_execution
  File "C:\Users\debryu\anaconda3\envs\vlg-cbm\Lib\site-packages\torch\_dynamo\convert_frame.py", line 53, in <module>
    from . import config, exc, trace_rules
  File "C:\Users\debryu\anaconda3\envs\vlg-cbm\Lib\site-packages\torch\_dynamo\trace_rules.py", line 46, in <module>
    from .variables import (
  File "C:\Users\debryu\anaconda3\envs\vlg-cbm\Lib\site-packages\torch\_dynamo\variables\__init__.py", line 2, in <module>
    from .builtin import BuiltinVariable
  File "C:\Users\debryu\anaconda3\envs\vlg-cbm\Lib\site-packages\torch\_dynamo\variables\builtin.py", line 47, in <module>
    from .ctx_manager import EventVariable, StreamVariable
  File "C:\Users\debryu\anaconda3\envs\vlg-cbm\Lib\site-packages\torch\_dynamo\variables\ctx_manager.py", line 22, in <module>
    from .functions import (
  File "C:\Users\debryu\anaconda3\envs\vlg-cbm\Lib\site-packages\torch\_dynamo\variables\functions.py", line 31, in <module>
    from torch.distributed._composable.fsdp import _fsdp_param_group
  File "C:\Users\debryu\anaconda3\envs\vlg-cbm\Lib\site-packages\torch\distributed\_composable\__init__.py", line 3, in <module>
    from .fully_shard import fully_shard
  File "C:\Users\debryu\anaconda3\envs\vlg-cbm\Lib\site-packages\torch\distributed\_composable\fully_shard.py", line 10, in <module>
    from torch.distributed.fsdp._common_utils import _FSDPState
  File "C:\Users\debryu\anaconda3\envs\vlg-cbm\Lib\site-packages\torch\distributed\fsdp\__init__.py", line 1, in <module>
    from ._flat_param import FlatParameter as FlatParameter
  File "C:\Users\debryu\anaconda3\envs\vlg-cbm\Lib\site-packages\torch\distributed\fsdp\_flat_param.py", line 47, in <module>
    from ._fsdp_extensions import (
  File "C:\Users\debryu\anaconda3\envs\vlg-cbm\Lib\site-packages\torch\distributed\fsdp\_fsdp_extensions.py", line 8, in <module>
    from torch.distributed.fsdp._shard_utils import (
  File "C:\Users\debryu\anaconda3\envs\vlg-cbm\Lib\site-packages\torch\distributed\fsdp\_shard_utils.py", line 18, in <module>
  File "C:\Users\debryu\anaconda3\envs\vlg-cbm\Lib\site-packages\torch\distributed\tensor\__init__.py", line 4, in <module>
    import torch.distributed.tensor._ops  # force import all built-in dtensor ops
    ^^^^^^^^^^^^^^^^^^^^^^^^^^^^^^^^^^^^
  File "C:\Users\debryu\anaconda3\envs\vlg-cbm\Lib\site-packages\torch\distributed\tensor\_ops\__init__.py", line 5, in <module>
    from ._math_ops import *  # noqa: F403
    ^^^^^^^^^^^^^^^^^^^^^^^^
  File "C:\Users\debryu\anaconda3\envs\vlg-cbm\Lib\site-packages\torch\distributed\tensor\_ops\_math_ops.py", line 330, in <module>
    list(LINEAR_REDUCTION_OP_MAP.keys()), schema_info=RuntimeSchemaInfo(1)
                                                      ^^^^^^^^^^^^^^^^^^^^
KeyboardInterrupt
